<?xml version="1.0" encoding="UTF-8"?>
<!-- Generated by org.testng.reporters.JUnitReportReporter -->
<testsuite hostname="Trishas-MacBook-Air.local" failures="0" tests="4" name="com.telecom.api.tests.UserTests" time="12.007" errors="0" timestamp="2025-07-15T15:48:03 IST" skipped="0">
  <testcase classname="com.telecom.api.tests.UserTests" name="testAddNewUser" time="3.750"/>
  <testcase classname="com.telecom.api.tests.UserTests" name="testGetUserProfile" time="2.632"/>
  <testcase classname="com.telecom.api.tests.UserTests" name="testUpdateUser" time="2.863"/>
  <testcase classname="com.telecom.api.tests.UserTests" name="testLoginUser" time="2.762"/>
</testsuite> <!-- com.telecom.api.tests.UserTests -->
