<?xml version="1.0" encoding="UTF-8"?>
<!-- Generated by org.testng.reporters.JUnitReportReporter -->
<testsuite hostname="Trishas-MacBook-Air.local" failures="0" tests="6" name="com.telecom.api.tests.ContactTests" time="15.733" errors="0" timestamp="2025-07-15T15:48:03 IST" skipped="0">
  <testcase classname="com.telecom.api.tests.ContactTests" name="testAddContact" time="2.563"/>
  <testcase classname="com.telecom.api.tests.ContactTests" name="testGetContactList" time="2.382"/>
  <testcase classname="com.telecom.api.tests.ContactTests" name="testGetContactById" time="2.467"/>
  <testcase classname="com.telecom.api.tests.ContactTests" name="testUpdateFullContact" time="2.410"/>
  <testcase classname="com.telecom.api.tests.ContactTests" name="testUpdatePartialContact" time="2.425"/>
  <testcase classname="com.telecom.api.tests.ContactTests" name="testLogoutUser" time="3.486"/>
</testsuite> <!-- com.telecom.api.tests.ContactTests -->
